Performing C SOURCE FILE Test CMAKE_HAVE_LIBC_PTHREAD failed with the following output:
Change Dir: /home/r/tool_ws/build/two_iiwa_gazebo/CMakeFiles/CMakeTmp

Run Build Command(s):/usr/bin/make -f Makefile cmTC_6ffad/fast && /usr/bin/make  -f CMakeFiles/cmTC_6ffad.dir/build.make CMakeFiles/cmTC_6ffad.dir/build
make[1]: Entering directory '/home/r/tool_ws/build/two_iiwa_gazebo/CMakeFiles/CMakeTmp'
Building C object CMakeFiles/cmTC_6ffad.dir/src.c.o
/usr/bin/cc -DCMAKE_HAVE_LIBC_PTHREAD   -o CMakeFiles/cmTC_6ffad.dir/src.c.o -c /home/r/tool_ws/build/two_iiwa_gazebo/CMakeFiles/CMakeTmp/src.c
Linking C executable cmTC_6ffad
/usr/local/bin/cmake -E cmake_link_script CMakeFiles/cmTC_6ffad.dir/link.txt --verbose=1
/usr/bin/cc -rdynamic CMakeFiles/cmTC_6ffad.dir/src.c.o -o cmTC_6ffad 
CMakeFiles/cmTC_6ffad.dir/src.c.o: In function `main':
src.c:(.text+0x3e): undefined reference to `pthread_create'
src.c:(.text+0x4a): undefined reference to `pthread_detach'
src.c:(.text+0x56): undefined reference to `pthread_cancel'
src.c:(.text+0x67): undefined reference to `pthread_join'
src.c:(.text+0x7b): undefined reference to `pthread_atfork'
collect2: error: ld returned 1 exit status
CMakeFiles/cmTC_6ffad.dir/build.make:98: recipe for target 'cmTC_6ffad' failed
make[1]: *** [cmTC_6ffad] Error 1
make[1]: Leaving directory '/home/r/tool_ws/build/two_iiwa_gazebo/CMakeFiles/CMakeTmp'
Makefile:127: recipe for target 'cmTC_6ffad/fast' failed
make: *** [cmTC_6ffad/fast] Error 2


Source file was:
#include <pthread.h>

static void* test_func(void* data)
{
  return data;
}

int main(void)
{
  pthread_t thread;
  pthread_create(&thread, NULL, test_func, NULL);
  pthread_detach(thread);
  pthread_cancel(thread);
  pthread_join(thread, NULL);
  pthread_atfork(NULL, NULL, NULL);
  pthread_exit(NULL);

  return 0;
}

Determining if the function pthread_create exists in the pthreads failed with the following output:
Change Dir: /home/r/tool_ws/build/two_iiwa_gazebo/CMakeFiles/CMakeTmp

Run Build Command(s):/usr/bin/make -f Makefile cmTC_b3a75/fast && /usr/bin/make  -f CMakeFiles/cmTC_b3a75.dir/build.make CMakeFiles/cmTC_b3a75.dir/build
make[1]: Entering directory '/home/r/tool_ws/build/two_iiwa_gazebo/CMakeFiles/CMakeTmp'
Building C object CMakeFiles/cmTC_b3a75.dir/CheckFunctionExists.c.o
/usr/bin/cc   -DCHECK_FUNCTION_EXISTS=pthread_create -o CMakeFiles/cmTC_b3a75.dir/CheckFunctionExists.c.o -c /usr/local/share/cmake-3.23/Modules/CheckFunctionExists.c
Linking C executable cmTC_b3a75
/usr/local/bin/cmake -E cmake_link_script CMakeFiles/cmTC_b3a75.dir/link.txt --verbose=1
/usr/bin/cc  -DCHECK_FUNCTION_EXISTS=pthread_create -rdynamic CMakeFiles/cmTC_b3a75.dir/CheckFunctionExists.c.o -o cmTC_b3a75  -lpthreads 
/usr/bin/ld: cannot find -lpthreads
collect2: error: ld returned 1 exit status
CMakeFiles/cmTC_b3a75.dir/build.make:98: recipe for target 'cmTC_b3a75' failed
make[1]: *** [cmTC_b3a75] Error 1
make[1]: Leaving directory '/home/r/tool_ws/build/two_iiwa_gazebo/CMakeFiles/CMakeTmp'
Makefile:127: recipe for target 'cmTC_b3a75/fast' failed
make: *** [cmTC_b3a75/fast] Error 2



