Performing C SOURCE FILE Test CMAKE_HAVE_LIBC_PTHREAD failed with the following output:
Change Dir: /home/r/tool_ws/build/my_egg_sensor_desc/CMakeFiles/CMakeTmp

Run Build Command(s):/usr/bin/make -f Makefile cmTC_317d0/fast && /usr/bin/make  -f CMakeFiles/cmTC_317d0.dir/build.make CMakeFiles/cmTC_317d0.dir/build
make[1]: Entering directory '/home/r/tool_ws/build/my_egg_sensor_desc/CMakeFiles/CMakeTmp'
Building C object CMakeFiles/cmTC_317d0.dir/src.c.o
/usr/bin/cc -DCMAKE_HAVE_LIBC_PTHREAD   -o CMakeFiles/cmTC_317d0.dir/src.c.o -c /home/r/tool_ws/build/my_egg_sensor_desc/CMakeFiles/CMakeTmp/src.c
Linking C executable cmTC_317d0
/usr/local/bin/cmake -E cmake_link_script CMakeFiles/cmTC_317d0.dir/link.txt --verbose=1
/usr/bin/cc -rdynamic CMakeFiles/cmTC_317d0.dir/src.c.o -o cmTC_317d0 
CMakeFiles/cmTC_317d0.dir/src.c.o: In function `main':
src.c:(.text+0x3e): undefined reference to `pthread_create'
src.c:(.text+0x4a): undefined reference to `pthread_detach'
src.c:(.text+0x56): undefined reference to `pthread_cancel'
src.c:(.text+0x67): undefined reference to `pthread_join'
src.c:(.text+0x7b): undefined reference to `pthread_atfork'
collect2: error: ld returned 1 exit status
CMakeFiles/cmTC_317d0.dir/build.make:98: recipe for target 'cmTC_317d0' failed
make[1]: *** [cmTC_317d0] Error 1
make[1]: Leaving directory '/home/r/tool_ws/build/my_egg_sensor_desc/CMakeFiles/CMakeTmp'
Makefile:127: recipe for target 'cmTC_317d0/fast' failed
make: *** [cmTC_317d0/fast] Error 2


Source file was:
#include <pthread.h>

static void* test_func(void* data)
{
  return data;
}

int main(void)
{
  pthread_t thread;
  pthread_create(&thread, NULL, test_func, NULL);
  pthread_detach(thread);
  pthread_cancel(thread);
  pthread_join(thread, NULL);
  pthread_atfork(NULL, NULL, NULL);
  pthread_exit(NULL);

  return 0;
}

Determining if the function pthread_create exists in the pthreads failed with the following output:
Change Dir: /home/r/tool_ws/build/my_egg_sensor_desc/CMakeFiles/CMakeTmp

Run Build Command(s):/usr/bin/make -f Makefile cmTC_5f908/fast && /usr/bin/make  -f CMakeFiles/cmTC_5f908.dir/build.make CMakeFiles/cmTC_5f908.dir/build
make[1]: Entering directory '/home/r/tool_ws/build/my_egg_sensor_desc/CMakeFiles/CMakeTmp'
Building C object CMakeFiles/cmTC_5f908.dir/CheckFunctionExists.c.o
/usr/bin/cc   -DCHECK_FUNCTION_EXISTS=pthread_create -o CMakeFiles/cmTC_5f908.dir/CheckFunctionExists.c.o -c /usr/local/share/cmake-3.23/Modules/CheckFunctionExists.c
Linking C executable cmTC_5f908
/usr/local/bin/cmake -E cmake_link_script CMakeFiles/cmTC_5f908.dir/link.txt --verbose=1
/usr/bin/cc  -DCHECK_FUNCTION_EXISTS=pthread_create -rdynamic CMakeFiles/cmTC_5f908.dir/CheckFunctionExists.c.o -o cmTC_5f908  -lpthreads 
/usr/bin/ld: cannot find -lpthreads
collect2: error: ld returned 1 exit status
CMakeFiles/cmTC_5f908.dir/build.make:98: recipe for target 'cmTC_5f908' failed
make[1]: *** [cmTC_5f908] Error 1
make[1]: Leaving directory '/home/r/tool_ws/build/my_egg_sensor_desc/CMakeFiles/CMakeTmp'
Makefile:127: recipe for target 'cmTC_5f908/fast' failed
make: *** [cmTC_5f908/fast] Error 2



